[debug] [2026-03-17T00:42:12.281Z] ----------------------------------------------------------------------
[debug] [2026-03-17T00:42:12.283Z] Command:       /home/kuno/.nvm/versions/node/v24.14.0/bin/node /home/kuno/.nvm/versions/node/v24.14.0/bin/firebase init
[debug] [2026-03-17T00:42:12.284Z] CLI Version:   15.10.1
[debug] [2026-03-17T00:42:12.284Z] Platform:      linux
[debug] [2026-03-17T00:42:12.284Z] Node Version:  v24.14.0
[debug] [2026-03-17T00:42:12.284Z] Time:          Mon Mar 16 2026 21:42:12 GMT-0300 (hora estándar de Argentina)
[debug] [2026-03-17T00:42:12.284Z] ----------------------------------------------------------------------
[debug] 
[debug] [2026-03-17T00:42:12.285Z] >>> [apiv2][query] GET https://firebase-public.firebaseio.com/cli.json [none]
[info] 
     ######## #### ########  ######## ########     ###     ######  ########
     ##        ##  ##     ## ##       ##     ##  ##   ##  ##       ##
     ######    ##  ########  ######   ########  #########  ######  ######
     ##        ##  ##    ##  ##       ##     ## ##     ##       ## ##
     ##       #### ##     ## ######## ########  ##     ##  ######  ########

You're about to initialize a Firebase project in this directory:

  /mnt/datos/Kuno/Angular/portfolio2

Before we get started, keep in mind:

  * You are currently outside your home directory
  * You are initializing within an existing Firebase project directory

[debug] [2026-03-17T00:42:13.353Z] <<< [apiv2][status] GET https://firebase-public.firebaseio.com/cli.json 200
[debug] [2026-03-17T00:42:13.353Z] <<< [apiv2][body] GET https://firebase-public.firebaseio.com/cli.json {"cloudBuildErrorAfter":1594252800000,"cloudBuildWarnAfter":1590019200000,"defaultNode10After":1594252800000,"minVersion":"3.0.5","node8DeploysDisabledAfter":1613390400000,"node8RuntimeDisabledAfter":1615809600000,"node8WarnAfter":1600128000000}
[debug] [2026-03-17T00:42:27.117Z] ExitPromptError: User force closed the prompt with SIGINT
    at Interface.sigint (/home/kuno/.nvm/versions/node/v24.14.0/lib/node_modules/firebase-tools/node_modules/@inquirer/core/dist/commonjs/lib/create-prompt.js:101:37)
    at Interface.emit (node:events:508:28)
    at [_ttyWrite] [as _ttyWrite] (node:internal/readline/interface:1327:18)
    at ReadStream.onkeypress (node:internal/readline/interface:284:20)
    at ReadStream.emit (node:events:520:35)
    at emitKeys (node:internal/readline/utils:371:14)
    at emitKeys.next (<anonymous>)
    at ReadStream.onData (node:internal/readline/emitKeypressEvents:64:36)
    at ReadStream.emit (node:events:508:28)
    at addChunk (node:internal/streams/readable:563:12)
[error] 
[error] Error: An unexpected error has occurred.
